  main.cpp
C:\Users\Aula 1\Downloads\BreakoutRepo\BreakoutRepo\Breakout - TP 2\Breakout - TP 2\main.cpp(18,21): warning C4244: 'inicializando': conversión de 'double' a 'float'; posible pérdida de datos
C:\Users\Aula 1\Downloads\BreakoutRepo\BreakoutRepo\Breakout - TP 2\Breakout - TP 2\main.cpp(19,21): warning C4244: 'inicializando': conversión de 'double' a 'float'; posible pérdida de datos
C:\Users\Aula 1\Downloads\BreakoutRepo\BreakoutRepo\Breakout - TP 2\Breakout - TP 2\main.cpp(47,12): warning C4244: 'argumento': conversión de 'time_t' a 'unsigned int'; posible pérdida de datos
C:\Users\Aula 1\Downloads\BreakoutRepo\BreakoutRepo\Breakout - TP 2\Breakout - TP 2\main.cpp(109,107): warning C4244: 'argumento': conversión de 'int' a 'float'; posible pérdida de datos
C:\Users\Aula 1\Downloads\BreakoutRepo\BreakoutRepo\Breakout - TP 2\Breakout - TP 2\main.cpp(109,93): warning C4244: 'argumento': conversión de 'int' a 'float'; posible pérdida de datos
C:\Users\Aula 1\Downloads\BreakoutRepo\BreakoutRepo\Breakout - TP 2\Breakout - TP 2\main.cpp(109,83): warning C4244: 'argumento': conversión de 'double' a 'float'; posible pérdida de datos
C:\Users\Aula 1\Downloads\BreakoutRepo\BreakoutRepo\Breakout - TP 2\Breakout - TP 2\main.cpp(109,69): warning C4244: 'argumento': conversión de 'double' a 'float'; posible pérdida de datos
C:\Users\Aula 1\Downloads\BreakoutRepo\BreakoutRepo\Breakout - TP 2\Breakout - TP 2\main.cpp(109,50): warning C4244: 'argumento': conversión de 'double' a 'float'; posible pérdida de datos
C:\Users\Aula 1\Downloads\BreakoutRepo\BreakoutRepo\Breakout - TP 2\Breakout - TP 2\main.cpp(109,42): warning C4244: 'argumento': conversión de 'double' a 'float'; posible pérdida de datos
C:\Users\Aula 1\Downloads\BreakoutRepo\BreakoutRepo\Breakout - TP 2\Breakout - TP 2\main.cpp(109,30): warning C4244: 'argumento': conversión de 'double' a 'float'; posible pérdida de datos
C:\Users\Aula 1\Downloads\BreakoutRepo\BreakoutRepo\Breakout - TP 2\Breakout - TP 2\main.cpp(124,136): warning C4244: 'argumento': conversión de 'int' a 'float'; posible pérdida de datos
C:\Users\Aula 1\Downloads\BreakoutRepo\BreakoutRepo\Breakout - TP 2\Breakout - TP 2\main.cpp(124,115): warning C4244: 'argumento': conversión de 'int' a 'float'; posible pérdida de datos
C:\Users\Aula 1\Downloads\BreakoutRepo\BreakoutRepo\Breakout - TP 2\Breakout - TP 2\main.cpp(124,98): warning C4244: 'argumento': conversión de 'double' a 'float'; posible pérdida de datos
C:\Users\Aula 1\Downloads\BreakoutRepo\BreakoutRepo\Breakout - TP 2\Breakout - TP 2\main.cpp(124,77): warning C4244: 'argumento': conversión de 'double' a 'float'; posible pérdida de datos
C:\Users\Aula 1\Downloads\BreakoutRepo\BreakoutRepo\Breakout - TP 2\Breakout - TP 2\main.cpp(124,51): warning C4244: 'argumento': conversión de 'double' a 'float'; posible pérdida de datos
C:\Users\Aula 1\Downloads\BreakoutRepo\BreakoutRepo\Breakout - TP 2\Breakout - TP 2\main.cpp(124,43): warning C4244: 'argumento': conversión de 'double' a 'float'; posible pérdida de datos
C:\Users\Aula 1\Downloads\BreakoutRepo\BreakoutRepo\Breakout - TP 2\Breakout - TP 2\main.cpp(124,31): warning C4244: 'argumento': conversión de 'double' a 'float'; posible pérdida de datos
C:\Users\Aula 1\Downloads\BreakoutRepo\BreakoutRepo\Breakout - TP 2\Breakout - TP 2\main.cpp(194,14): warning C4244: 'inicializando': conversión de 'int' a 'float'; posible pérdida de datos
  Breakout - TP 2.vcxproj -> C:\Users\Aula 1\Downloads\BreakoutRepo\BreakoutRepo\Breakout - TP 2\Debug\Breakout - TP 2.exe
